../src/ursaNative.cc:543:32: error: too few arguments to function call, single argument 'isolate' was not specified
  int length = str->Utf8Length();
               ~~~~~~~~~~~~~~~ ^
/Users/muhammadyounas/Library/Caches/node-gyp/14.18.2/include/node/v8.h:2977:7: note: 'Utf8Length' declared here
  int Utf8Length(Isolate* isolate) const;
      ^
../src/ursaNative.cc:553:18: error: cannot initialize a parameter of type 'v8::Isolate *' with an lvalue of type 'char *'
  str->WriteUtf8(result, length + 1);
                 ^~~~~~
/Users/muhammadyounas/Library/Caches/node-gyp/14.18.2/include/node/v8.h:3037:26: note: passing argument to parameter 'isolate' here
  int WriteUtf8(Isolate* isolate, char* buffer, int length = -1,
                         ^
../src/ursaNative.cc:690:68: error: too few arguments to function call, single argument 'context' was not specified
  target->Set(NanNew("RsaWrap").ToLocalChecked(), tpl->GetFunction());
                                                  ~~~~~~~~~~~~~~~~ ^
/Users/muhammadyounas/Library/Caches/node-gyp/14.18.2/include/node/v8.h:6482:46: note: 'GetFunction' declared here
  V8_WARN_UNUSED_RESULT MaybeLocal<Function> GetFunction(
                                             ^
../src/ursaNative.cc:690:11: error: no matching member function for call to 'Set'
  target->Set(NanNew("RsaWrap").ToLocalChecked(), tpl->GetFunction());
  ~~~~~~~~^~~
/Users/muhammadyounas/Library/Caches/node-gyp/14.18.2/include/node/v8.h:3670:37: note: candidate function not viable: requires 3 arguments, but 2 were provided
  V8_WARN_UNUSED_RESULT Maybe<bool> Set(Local<Context> context,
                                    ^
/Users/muhammadyounas/Library/Caches/node-gyp/14.18.2/include/node/v8.h:3673:37: note: candidate function not viable: requires 3 arguments, but 2 were provided
  V8_WARN_UNUSED_RESULT Maybe<bool> Set(Local<Context> context, uint32_t index,
                                    ^
../src/ursaNative.cc:691:38: error: too few arguments to function call, single argument 'context' was not specified
  constructor.Reset(tpl->GetFunction());
                    ~~~~~~~~~~~~~~~~ ^
/Users/muhammadyounas/Library/Caches/node-gyp/14.18.2/include/node/v8.h:6482:46: note: 'GetFunction' declared here
  V8_WARN_UNUSED_RESULT MaybeLocal<Function> GetFunction(
                                             ^
../src/ursaNative.cc:691:15: error: no matching member function for call to 'Reset'
  constructor.Reset(tpl->GetFunction());
  ~~~~~~~~~~~~^~~~~
../../nan/nan_persistent_12_inl.h:28:15: note: candidate template ignored: could not match 'Local' against 'MaybeLocal'
  inline void Reset(const v8::Local<S> &other) {
              ^
../../nan/nan_persistent_12_inl.h:33:15: note: candidate template ignored: could not match 'PersistentBase' against 'MaybeLocal'
  inline void Reset(const v8::PersistentBase<S> &other) {
              ^
../../nan/nan_persistent_12_inl.h:25:15: note: candidate function not viable: requires 0 arguments, but 1 was provided
  inline void Reset() { v8::PersistentBase<T>::Reset(); }
              ^
../src/ursaNative.cc:693:104: error: too few arguments to function call, single argument 'context' was not specified
  target->Set(NanNew("textToNid").ToLocalChecked(), Nan::New<FunctionTemplate>(TextToNid)->GetFunction());
                                                    ~~~~~~~~~~~~~~~~~~~~~~~~~~~~~~~~~~~~~~~~~~~~~~~~~~ ^
/Users/muhammadyounas/Library/Caches/node-gyp/14.18.2/include/node/v8.h:6482:46: note: 'GetFunction' declared here
  V8_WARN_UNUSED_RESULT MaybeLocal<Function> GetFunction(
                                             ^
../src/ursaNative.cc:693:11: error: no matching member function for call to 'Set'
  target->Set(NanNew("textToNid").ToLocalChecked(), Nan::New<FunctionTemplate>(TextToNid)->GetFunction());
  ~~~~~~~~^~~
/Users/muhammadyounas/Library/Caches/node-gyp/14.18.2/include/node/v8.h:3670:37: note: candidate function not viable: requires 3 arguments, but 2 were provided
  V8_WARN_UNUSED_RESULT Maybe<bool> Set(Local<Context> context,
                                    ^
/Users/muhammadyounas/Library/Caches/node-gyp/14.18.2/include/node/v8.h:3673:37: note: candidate function not viable: requires 3 arguments, but 2 were provided
  V8_WARN_UNUSED_RESULT Maybe<bool> Set(Local<Context> context, uint32_t index,
                                    ^
../src/ursaNative.cc:866:42: error: too few arguments to function call, single argument 'context' was not specified
  int modulusBits = args[0]->Uint32Value();
                    ~~~~~~~~~~~~~~~~~~~~ ^
/Users/muhammadyounas/Library/Caches/node-gyp/14.18.2/include/node/v8.h:2866:41: note: 'Uint32Value' declared here
  V8_WARN_UNUSED_RESULT Maybe<uint32_t> Uint32Value(
                                        ^
../src/ursaNative.cc:866:7: error: no viable conversion from 'Maybe<uint32_t>' (aka 'Maybe<unsigned int>') to 'int'
  int modulusBits = args[0]->Uint32Value();
      ^             ~~~~~~~~~~~~~~~~~~~~~~
../src/ursaNative.cc:867:39: error: too few arguments to function call, single argument 'context' was not specified
  int exponent = args[1]->Uint32Value();
                 ~~~~~~~~~~~~~~~~~~~~ ^
/Users/muhammadyounas/Library/Caches/node-gyp/14.18.2/include/node/v8.h:2866:41: note: 'Uint32Value' declared here
  V8_WARN_UNUSED_RESULT Maybe<uint32_t> Uint32Value(
                                        ^
../src/ursaNative.cc:867:7: error: no viable conversion from 'Maybe<uint32_t>' (aka 'Maybe<unsigned int>') to 'int'
  int exponent = args[1]->Uint32Value();
      ^          ~~~~~~~~~~~~~~~~~~~~~~
../src/ursaNative.cc:1103:38: error: too few arguments to function call, single argument 'context' was not specified
  int padding = args[1]->Uint32Value();
                ~~~~~~~~~~~~~~~~~~~~ ^
/Users/muhammadyounas/Library/Caches/node-gyp/14.18.2/include/node/v8.h:2866:41: note: 'Uint32Value' declared here
  V8_WARN_UNUSED_RESULT Maybe<uint32_t> Uint32Value(
                                        ^
../src/ursaNative.cc:1103:7: error: no viable conversion from 'Maybe<uint32_t>' (aka 'Maybe<unsigned int>') to 'int'
  int padding = args[1]->Uint32Value();
      ^         ~~~~~~~~~~~~~~~~~~~~~~
../src/ursaNative.cc:1161:38: error: too few arguments to function call, single argument 'context' was not specified
  int padding = args[1]->Uint32Value();
                ~~~~~~~~~~~~~~~~~~~~ ^
/Users/muhammadyounas/Library/Caches/node-gyp/14.18.2/include/node/v8.h:2866:41: note: 'Uint32Value' declared here
  V8_WARN_UNUSED_RESULT Maybe<uint32_t> Uint32Value(
                                        ^
../src/ursaNative.cc:1161:7: error: no viable conversion from 'Maybe<uint32_t>' (aka 'Maybe<unsigned int>') to 'int'
  int padding = args[1]->Uint32Value();
      ^         ~~~~~~~~~~~~~~~~~~~~~~
../src/ursaNative.cc:1218:38: error: too few arguments to function call, single argument 'context' was not specified
  int padding = args[1]->Uint32Value();
                ~~~~~~~~~~~~~~~~~~~~ ^
/Users/muhammadyounas/Library/Caches/node-gyp/14.18.2/include/node/v8.h:2866:41: note: 'Uint32Value' declared here
  V8_WARN_UNUSED_RESULT Maybe<uint32_t> Uint32Value(
                                        ^
../src/ursaNative.cc:1218:7: error: no viable conversion from 'Maybe<uint32_t>' (aka 'Maybe<unsigned int>') to 'int'
  int padding = args[1]->Uint32Value();
      ^         ~~~~~~~~~~~~~~~~~~~~~~
../src/ursaNative.cc:1272:38: error: too few arguments to function call, single argument 'context' was not specified
  int padding = args[1]->Uint32Value();
                ~~~~~~~~~~~~~~~~~~~~ ^
/Users/muhammadyounas/Library/Caches/node-gyp/14.18.2/include/node/v8.h:2866:41: note: 'Uint32Value' declared here
  V8_WARN_UNUSED_RESULT Maybe<uint32_t> Uint32Value(
                                        ^
fatal error: too many errors emitted, stopping now [-ferror-limit=]
20 errors generated.
make: *** [Release/obj.target/ursaNative/src/ursaNative.o] Error 1
gyp ERR! build error 
gyp ERR! stack Error: `make` failed with exit code: 2
gyp ERR! stack     at ChildProcess.onExit (/Users/muhammadyounas/.nvm/versions/node/v14.18.2/lib/node_modules/npm/node_modules/node-gyp/lib/build.js:194:23)
gyp ERR! stack     at ChildProcess.emit (events.js:400:28)
gyp ERR! stack     at Process.ChildProcess._handle.onexit (internal/child_process.js:282:12)
gyp ERR! System Darwin 21.5.0
gyp ERR! command "/Users/muhammadyounas/.nvm/versions/node/v14.18.2/bin/node" "/Users/muhammadyounas/.nvm/versions/node/v14.18.2/lib/node_modules/npm/node_modules/node-gyp/bin/node-gyp.js" "rebuild"
gyp ERR! cwd /Users/muhammadyounas/NEU/Research Project/ethereumreviewsystem/node_modules/ursa-optional
gyp ERR! node -v v14.18.2
gyp ERR! node-gyp -v v5.1.0
gyp ERR! not ok 
npm ERR! code ELIFECYCLE
npm ERR! errno 1
npm ERR! ursa-optional@0.9.10 rebuild: `node-gyp rebuild`
npm ERR! Exit status 1
npm ERR! 
npm ERR! Failed at the ursa-optional@0.9.10 rebuild script.
npm ERR! This is probably not a problem with npm. There is likely additional logging output above.
npm WARN Local package.json exists, but node_modules missing, did you mean to install?

npm ERR! A complete log of this run can be found in:
npm ERR!     /Users/muhammadyounas/.npm/_logs/2022-06-02T08_54_19_255Z-debug.log
